<?xml version="1.0" encoding="UTF-8"?>
<testng-results ignored="0" total="1" passed="1" failed="0" skipped="0">
  <reporter-output>
  </reporter-output>
  <suite started-at="2021-03-12T08:17:33 SGT" name="Flipkart" finished-at="2021-03-12T08:17:54 SGT" duration-ms="21038">
    <groups>
    </groups>
    <test started-at="2021-03-12T08:17:33 SGT" name="testing Flipkart" finished-at="2021-03-12T08:17:54 SGT" duration-ms="21038">
      <class name="com.Flipkart.testCases.TC_LoginTest_001">
        <test-method is-config="true" signature="setup(java.lang.String)[pri:0, instance:com.Flipkart.testCases.TC_LoginTest_001@524d6d96]" started-at="2021-03-12T08:17:33 SGT" name="setup" finished-at="2021-03-12T08:17:39 SGT" duration-ms="5767" status="PASS">
          <params>
            <param index="0">
              <value>
                <![CDATA[chrome]]>
              </value>
            </param>
          </params>
          <reporter-output>
          </reporter-output>
        </test-method> <!-- setup -->
        <test-method signature="loginTest()[pri:0, instance:com.Flipkart.testCases.TC_LoginTest_001@524d6d96]" started-at="2021-03-12T08:17:39 SGT" name="loginTest" finished-at="2021-03-12T08:17:54 SGT" duration-ms="15191" status="PASS">
          <reporter-output>
          </reporter-output>
        </test-method> <!-- loginTest -->
        <test-method is-config="true" signature="tearDown()[pri:0, instance:com.Flipkart.testCases.TC_LoginTest_001@524d6d96]" started-at="2021-03-12T08:17:54 SGT" name="tearDown" finished-at="2021-03-12T08:17:54 SGT" duration-ms="0" status="PASS">
          <reporter-output>
          </reporter-output>
        </test-method> <!-- tearDown -->
      </class> <!-- com.Flipkart.testCases.TC_LoginTest_001 -->
    </test> <!-- testing Flipkart -->
  </suite> <!-- Flipkart -->
</testng-results>
